#
# A fatal error has been detected by the Java Runtime Environment:
#
#  SIGSEGV (0xb) at pc=0x00007fff9fd331c0, pid=1396, tid=2571
#
# JRE version: Java(TM) SE Runtime Environment (8.0_77-b03) (build 1.8.0_77-b03)
# Java VM: Java HotSpot(TM) 64-Bit Server VM (25.77-b03 mixed mode bsd-amd64 compressed oops)
# Problematic frame:
# C  [libsystem_c.dylib+0x11c0]  strncpy+0x40
#
# Failed to write core dump. Core dumps have been disabled. To enable core dumping, try "ulimit -c unlimited" before starting Java again
#
# If you would like to submit a bug report, please visit:
#   http://bugreport.java.com/bugreport/crash.jsp
# The crash happened outside the Java Virtual Machine in native code.
# See problematic frame for where to report the bug.
#

---------------  T H R E A D  ---------------

Current thread (0x00007fc45b0fe000):  JavaThread "AWT-AppKit" daemon [_thread_in_native, id=2571, stack(0x00007fff598d8000,0x00007fff5a0d8000)]

siginfo: si_signo: 11 (SIGSEGV), si_code: 1 (SEGV_MAPERR), si_addr: 0x0000000000000000

Registers:
RAX=0x0000000000000000, RBX=0x0000700000182a48, RCX=0x000000000000000c, RDX=0x00000000000000ff
RSP=0x00007fff5a0d3dc8, RBP=0x00007fff5a0d3de0, RSI=0x0000000000000000, RDI=0x0000700000182ac4
R8 =0x0000700000182ac4, R9 =0x0000000000000000, R10=0x00007fffa10e4001, R11=0x00007fff9fd33180
R12=0x00000000000020ff, R13=0x0000700000182980, R14=0x0000000120c324be, R15=0x0000000000000000
RIP=0x00007fff9fd331c0, EFLAGS=0x0000000000010202, ERR=0x0000000000000004
  TRAPNO=0x000000000000000e

Top of Stack: (sp=0x00007fff5a0d3dc8)
0x00007fff5a0d3dc8:   0000000120c25e56 0000000000000000
0x00007fff5a0d3dd8:   00007fff7a897a40 00007fff5a0d3e00
0x00007fff5a0d3de8:   00007fff8d96940b 0000000000000000
0x00007fff5a0d3df8:   0000000000000000 00007fff5a0d3e40
0x00007fff5a0d3e08:   00007fff8d97bebe 000000000000a33b
0x00007fff5a0d3e18:   0000000000000000 00007fff5a0d3ea0
0x00007fff5a0d3e28:   0000700000182940 0000000000000000
0x00007fff5a0d3e38:   00007fff7a897a40 00007fff5a0d3e60
0x00007fff5a0d3e48:   00007fff8d96940b 000000000000000a
0x00007fff5a0d3e58:   0000000000000000 00007fff5a0d3f10
0x00007fff5a0d3e68:   00007fff8d97cc1c 0000000000000000
0x00007fff5a0d3e78:   00007fff7a897a40 00000000000020ff
0x00007fff5a0d3e88:   0000000000000000 00007fff5a0d3f20
0x00007fff5a0d3e98:   00007fff8d4b9f6c 0000000000000000
0x00007fff5a0d3ea8:   0000000000000000 0000000000000000
0x00007fff5a0d3eb8:   0000000000000000 0000000000000000
0x00007fff5a0d3ec8:   0000000000000000 0000000000000000
0x00007fff5a0d3ed8:   0000000000000000 00007fff5a0d3ea0
0x00007fff5a0d3ee8:   0000000000001903 00007fff5a0d3fd0
0x00007fff5a0d3ef8:   00007fc45ad05150 00007fc45ad04a20
0x00007fff5a0d3f08:   00007fc45b007070 00007fff5a0d3f20
0x00007fff5a0d3f18:   00007fff8d4da949 00007fff5a0d4c00
0x00007fff5a0d3f28:   00007fff8d49983d d00008c16592f7e2
0x00007fff5a0d3f38:   00007fff7a836440 00007fc45ac462d0
0x00007fff5a0d3f48:   0000000000000000 00007fc45ad05140
0x00007fff5a0d3f58:   00007fc45ac462e0 000000015a0d3fc0
0x00007fff5a0d3f68:   0000190300000000 00007fc45ad05150
0x00007fff5a0d3f78:   00007fc45ad04a30 41be22aba608943e
0x00007fff5a0d3f88:   0000000000000099 00001ace00000001
0x00007fff5a0d3f98:   422d277e27b3ee00 000016035a0d3fd0
0x00007fff5a0d3fa8:   00007fff8d42e039 0000190300000004
0x00007fff5a0d3fb8:   00007fff5a0d3fd0 0000000000000000 

Instructions: (pc=0x00007fff9fd331c0)
0x00007fff9fd331a0:   ca c1 e9 04 75 4a b9 10 00 00 00 48 83 fa 1f 77
0x00007fff9fd331b0:   0f 89 d1 85 d2 75 09 e9 b0 00 00 00 0f 1f 40 00
0x00007fff9fd331c0:   0f b6 06 48 83 c6 01 48 83 ea 01 88 07 48 83 c7
0x00007fff9fd331d0:   01 85 c0 0f 84 83 00 00 00 48 83 e9 01 75 e1 48 

Register to memory mapping:

RAX=0x0000000000000000 is an unknown value
RBX=0x0000700000182a48 is pointing into the stack for thread: 0x00007fc45b80a000
RCX=0x000000000000000c is an unknown value
RDX=0x00000000000000ff is an unknown value
RSP=0x00007fff5a0d3dc8 is pointing into the stack for thread: 0x00007fc45b0fe000
RBP=0x00007fff5a0d3de0 is pointing into the stack for thread: 0x00007fc45b0fe000
RSI=0x0000000000000000 is an unknown value
RDI=0x0000700000182ac4 is pointing into the stack for thread: 0x00007fc45b80a000
R8 =0x0000700000182ac4 is pointing into the stack for thread: 0x00007fc45b80a000
R9 =0x0000000000000000 is an unknown value
R10=0x00007fffa10e4001: CocoaVersionNumber+0x12182009 in /System/Library/Frameworks/Cocoa.framework/Versions/A/Cocoa at 0x00007fff8ef61000
R11=0x00007fff9fd33180: strncpy+0 in /usr/lib/system/libsystem_c.dylib at 0x00007fff9fd32000
R12=0x00000000000020ff is an unknown value
R13=0x0000700000182980 is pointing into the stack for thread: 0x00007fc45b80a000
R14=0x0000000120c324be: GCC_except_table25+0x606 in /private/var/folders/fy/6q_s_px91kdcdjwxbmnlglym0000gn/T/bluecove_mark1_0/libbluecove.jnilib at 0x0000000120c22000
R15=0x0000000000000000 is an unknown value


Stack: [0x00007fff598d8000,0x00007fff5a0d8000],  sp=0x00007fff5a0d3dc8,  free space=8175k
Native frames: (J=compiled Java code, j=interpreted, Vv=VM code, C=native code)
C  [libsystem_c.dylib+0x11c0]  strncpy+0x40
C  [libdispatch.dylib+0x240b]  _dispatch_client_callout+0x8
C  [libdispatch.dylib+0x14ebe]  _dispatch_barrier_sync_f_slow_invoke+0x20b
C  [libdispatch.dylib+0x240b]  _dispatch_client_callout+0x8
C  [libdispatch.dylib+0x15c1c]  _dispatch_main_queue_callback_4CF+0x695
C  [CoreFoundation+0xca949]  __CFRUNLOOP_IS_SERVICING_THE_MAIN_DISPATCH_QUEUE__+0x9
C  [CoreFoundation+0x8983d]  __CFRunLoopRun+0x79d
C  [CoreFoundation+0x88e38]  CFRunLoopRunSpecific+0x128
C  [HIToolbox+0x30935]  RunCurrentEventLoopInMode+0xeb
C  [HIToolbox+0x3076f]  ReceiveNextEventCommon+0x1b0
C  [HIToolbox+0x305af]  _BlockUntilNextEventMatchingListInModeWithFilter+0x47
C  [AppKit+0x48df6]  _DPSNextEvent+0x42b
C  [AppKit+0x48226]  -[NSApplication _nextEventMatchingEventMask:untilDate:inMode:dequeue:]+0x1c6
C  [libosxapp.dylib+0x23aa]  -[NSApplicationAWT nextEventMatchingMask:untilDate:inMode:dequeue:]+0x7c
C  [AppKit+0x3cd80]  -[NSApplication run]+0x2aa
C  [libosxapp.dylib+0x214d]  +[NSApplicationAWT runAWTLoopWithApp:]+0x9c
C  [libawt_lwawt.dylib+0x4455b]  -[AWTStarter starter:]+0x389
C  [Foundation+0x76fde]  __NSThreadPerformPerform+0x117
C  [CoreFoundation+0xaa7e1]  __CFRUNLOOP_IS_CALLING_OUT_TO_A_SOURCE0_PERFORM_FUNCTION__+0x11
C  [CoreFoundation+0x89f1c]  __CFRunLoopDoSources0+0x22c
C  [CoreFoundation+0x8943f]  __CFRunLoopRun+0x39f
C  [CoreFoundation+0x88e38]  CFRunLoopRunSpecific+0x128
C  [java+0x6463]  CreateExecutionEnvironment+0x367
C  [java+0x21ac]  JLI_Launch+0x7a0
C  [java+0x84c0]  main+0x65
C  [java+0x1a04]  start+0x34
C  0x0000000000000006


---------------  P R O C E S S  ---------------

Java Threads: ( => current thread )
  0x00007fc45ba8b000 JavaThread "BluecoveAsynchronousShutdownThread" daemon [_thread_blocked, id=47619, stack(0x0000700000fcd000,0x00007000010cd000)]
  0x00007fc45b257000 JavaThread "AWT-Shutdown" [_thread_blocked, id=28687, stack(0x0000700000e47000,0x0000700000f47000)]
=>0x00007fc45b0fe000 JavaThread "AWT-AppKit" daemon [_thread_in_native, id=2571, stack(0x00007fff598d8000,0x00007fff5a0d8000)]
  0x00007fc45b856800 JavaThread "Service Thread" daemon [_thread_blocked, id=17155, stack(0x0000700000bbe000,0x0000700000cbe000)]
  0x00007fc45b856000 JavaThread "C1 CompilerThread1" daemon [_thread_blocked, id=16643, stack(0x0000700000abb000,0x0000700000bbb000)]
  0x00007fc45b81e800 JavaThread "C2 CompilerThread0" daemon [_thread_blocked, id=16131, stack(0x00007000009b8000,0x0000700000ab8000)]
  0x00007fc45b844000 JavaThread "Signal Dispatcher" daemon [_thread_blocked, id=15623, stack(0x00007000008b5000,0x00007000009b5000)]
  0x00007fc45b03c800 JavaThread "Finalizer" daemon [_thread_blocked, id=10755, stack(0x0000700000629000,0x0000700000729000)]
  0x00007fc45b034000 JavaThread "Reference Handler" daemon [_thread_blocked, id=10243, stack(0x0000700000526000,0x0000700000626000)]
  0x00007fc45b80a000 JavaThread "main" [_thread_in_native, id=4099, stack(0x0000700000084000,0x0000700000184000)]

Other Threads:
  0x00007fc45b02f800 VMThread [stack: 0x0000700000423000,0x0000700000523000] [id=9731]
  0x00007fc45b042800 WatcherThread [stack: 0x0000700000cc1000,0x0000700000dc1000] [id=17667]

VM state:not at safepoint (normal execution)

VM Mutex/Monitor currently owned by a thread: None

Heap:
 PSYoungGen      total 38400K, used 4666K [0x0000000795580000, 0x0000000798000000, 0x00000007c0000000)
  eden space 33280K, 14% used [0x0000000795580000,0x0000000795a0e898,0x0000000797600000)
  from space 5120K, 0% used [0x0000000797b00000,0x0000000797b00000,0x0000000798000000)
  to   space 5120K, 0% used [0x0000000797600000,0x0000000797600000,0x0000000797b00000)
 ParOldGen       total 87552K, used 0K [0x0000000740000000, 0x0000000745580000, 0x0000000795580000)
  object space 87552K, 0% used [0x0000000740000000,0x0000000740000000,0x0000000745580000)
 Metaspace       used 4841K, capacity 4968K, committed 5248K, reserved 1056768K
  class space    used 545K, capacity 593K, committed 640K, reserved 1048576K

Card table byte_map: [0x00000001165c0000,0x00000001169c1000] byte_map_base: 0x0000000112bc0000

Marking Bits: (ParMarkBitMap*) 0x0000000106687ea0
 Begin Bits: [0x0000000116c6c000, 0x0000000118c6c000)
 End Bits:   [0x0000000118c6c000, 0x000000011ac6c000)

Polling page: 0x0000000106d76000

CodeCache: size=245760Kb used=1621Kb max_used=1621Kb free=244138Kb
 bounds [0x0000000107200000, 0x0000000107470000, 0x0000000116200000]
 total_blobs=558 nmethods=286 adapters=188
 compilation: enabled

Compilation events (10 events):
Event: 0.616 Thread 0x00007fc45b856000 nmethod 281 0x0000000107391450 code [0x00000001073915c0, 0x0000000107391890]
Event: 0.617 Thread 0x00007fc45b81e800 nmethod 274 0x0000000107394ad0 code [0x0000000107394c40, 0x00000001073950d8]
Event: 0.623 Thread 0x00007fc45b856000  282       3       java.util.zip.Inflater::ensureOpen (47 bytes)
Event: 0.624 Thread 0x00007fc45b856000 nmethod 282 0x0000000107394350 code [0x00000001073944e0, 0x00000001073947c8]
Event: 0.624 Thread 0x00007fc45b856000  283   !   3       java.util.zip.Inflater::inflate (113 bytes)
Event: 0.625 Thread 0x00007fc45b856000 nmethod 283 0x0000000107393410 code [0x00000001073935e0, 0x0000000107393c58]
Event: 0.632 Thread 0x00007fc45b856000  285   !   3       java.util.zip.InflaterInputStream::read (138 bytes)
Event: 0.633 Thread 0x00007fc45b856000 nmethod 285 0x0000000107395290 code [0x0000000107395520, 0x00000001073965e8]
Event: 0.633 Thread 0x00007fc45b856000  286       3       java.util.zip.InflaterInputStream::ensureOpen (18 bytes)
Event: 0.634 Thread 0x00007fc45b856000 nmethod 286 0x0000000107392f90 code [0x0000000107393100, 0x0000000107393348]

GC Heap History (0 events):
No events

Deoptimization events (0 events):
No events

Internal exceptions (10 events):
Event: 0.245 Thread 0x00007fc45b80a000 Exception <a 'java/security/PrivilegedActionException'> (0x0000000795625698) thrown at [/Users/java_re/workspace/8-2-build-macosx-x86_64/jdk8u77/6540/hotspot/src/share/vm/prims/jvm.cpp, line 1386]
Event: 0.245 Thread 0x00007fc45b80a000 Exception <a 'java/security/PrivilegedActionException'> (0x00000007956258a8) thrown at [/Users/java_re/workspace/8-2-build-macosx-x86_64/jdk8u77/6540/hotspot/src/share/vm/prims/jvm.cpp, line 1386]
Event: 0.245 Thread 0x00007fc45b80a000 Exception <a 'java/security/PrivilegedActionException'> (0x00000007956cf1e8) thrown at [/Users/java_re/workspace/8-2-build-macosx-x86_64/jdk8u77/6540/hotspot/src/share/vm/prims/jvm.cpp, line 1386]
Event: 0.245 Thread 0x00007fc45b80a000 Exception <a 'java/security/PrivilegedActionException'> (0x00000007956cf3f8) thrown at [/Users/java_re/workspace/8-2-build-macosx-x86_64/jdk8u77/6540/hotspot/src/share/vm/prims/jvm.cpp, line 1386]
Event: 0.315 Thread 0x00007fc45b80a000 Exception <a 'java/lang/NoSuchFieldError': method resolution failed> (0x000000079579c890) thrown at [/Users/java_re/workspace/8-2-build-macosx-x86_64/jdk8u77/6540/hotspot/src/share/vm/prims/methodHandles.cpp, line 1146]
Event: 0.328 Thread 0x00007fc45b80a000 Exception <a 'java/lang/NoSuchFieldError': method resolution failed> (0x00000007957aa060) thrown at [/Users/java_re/workspace/8-2-build-macosx-x86_64/jdk8u77/6540/hotspot/src/share/vm/prims/methodHandles.cpp, line 1146]
Event: 0.547 Thread 0x00007fc45b80a000 Exception <a 'java/io/FileNotFoundException'> (0x0000000795825058) thrown at [/Users/java_re/workspace/8-2-build-macosx-x86_64/jdk8u77/6540/hotspot/src/share/vm/prims/jni.cpp, line 709]
Event: 0.547 Thread 0x00007fc45b80a000 Exception <a 'java/io/FileNotFoundException'> (0x0000000795825ba0) thrown at [/Users/java_re/workspace/8-2-build-macosx-x86_64/jdk8u77/6540/hotspot/src/share/vm/prims/jni.cpp, line 709]
Event: 0.596 Thread 0x00007fc45b80a000 Exception <a 'java/lang/NoClassDefFoundError': org/apache/log4j/Category> (0x00000007958bd350) thrown at [/Users/java_re/workspace/8-2-build-macosx-x86_64/jdk8u77/6540/hotspot/src/share/vm/classfile/systemDictionary.cpp, line 199]
Event: 0.614 Thread 0x00007fc45b80a000 Exception <a 'java/lang/UnsatisfiedLinkError': com.intel.bluetooth.BluetoothStackOSX.isNativeCodeLoaded()Z> (0x00000007959a5c98) thrown at [/Users/java_re/workspace/8-2-build-macosx-x86_64/jdk8u77/6540/hotspot/src/share/vm/prims/nativeLookup.cpp, line 378

Events (10 events):
Event: 0.621 loading class java/lang/Shutdown$Lock done
Event: 0.629 loading class java/lang/ApplicationShutdownHooks
Event: 0.630 loading class java/lang/ApplicationShutdownHooks done
Event: 0.630 loading class java/lang/ApplicationShutdownHooks$1
Event: 0.630 loading class java/lang/ApplicationShutdownHooks$1 done
Event: 0.630 Thread 0x00007fc45ba8b000 Thread added: 0x00007fc45ba8b000
Event: 0.630 loading class com/intel/bluetooth/BlueCoveImpl$BluetoothStackHolder
Event: 0.630 loading class com/intel/bluetooth/BlueCoveImpl$BluetoothStackHolder done
Event: 0.631 loading class javax/bluetooth/DiscoveryAgent
Event: 0.631 loading class javax/bluetooth/DiscoveryAgent done


Dynamic libraries:
0x0000000009ddc000 	/System/Library/Frameworks/Cocoa.framework/Versions/A/Cocoa
0x0000000009ddc000 	/System/Library/Frameworks/Security.framework/Versions/A/Security
0x0000000009ddc000 	/System/Library/Frameworks/ApplicationServices.framework/Versions/A/ApplicationServices
0x0000000009ddc000 	/usr/lib/libz.1.dylib
0x0000000009ddc000 	/usr/lib/libSystem.B.dylib
0x0000000009ddc000 	/usr/lib/libobjc.A.dylib
0x0000000009ddc000 	/System/Library/Frameworks/CoreFoundation.framework/Versions/A/CoreFoundation
0x0000000009ddc000 	/System/Library/Frameworks/Foundation.framework/Versions/C/Foundation
0x0000000009ddc000 	/System/Library/Frameworks/AppKit.framework/Versions/C/AppKit
0x0000000009ddc000 	/System/Library/Frameworks/CoreData.framework/Versions/A/CoreData
0x0000000009ddc000 	/System/Library/PrivateFrameworks/RemoteViewServices.framework/Versions/A/RemoteViewServices
0x0000000009ddc000 	/System/Library/PrivateFrameworks/UIFoundation.framework/Versions/A/UIFoundation
0x0000000009ddc000 	/usr/lib/libScreenReader.dylib
0x0000000009ddc000 	/System/Library/Frameworks/Accelerate.framework/Versions/A/Accelerate
0x0000000009ddc000 	/System/Library/Frameworks/IOSurface.framework/Versions/A/IOSurface
0x0000000009ddc000 	/System/Library/Frameworks/AudioToolbox.framework/Versions/A/AudioToolbox
0x0000000009ddc000 	/System/Library/Frameworks/AudioUnit.framework/Versions/A/AudioUnit
0x0000000009ddc000 	/System/Library/PrivateFrameworks/DataDetectorsCore.framework/Versions/A/DataDetectorsCore
0x0000000009ddc000 	/System/Library/PrivateFrameworks/DesktopServicesPriv.framework/Versions/A/DesktopServicesPriv
0x0000000009ddc000 	/System/Library/Frameworks/Carbon.framework/Versions/A/Frameworks/HIToolbox.framework/Versions/A/HIToolbox
0x0000000009ddc000 	/System/Library/Frameworks/QuartzCore.framework/Versions/A/QuartzCore
0x0000000009ddc000 	/System/Library/Frameworks/Carbon.framework/Versions/A/Frameworks/SpeechRecognition.framework/Versions/A/SpeechRecognition
0x0000000009ddc000 	/usr/lib/libauto.dylib
0x0000000009ddc000 	/usr/lib/libicucore.A.dylib
0x0000000009ddc000 	/usr/lib/libxml2.2.dylib
0x0000000009ddc000 	/System/Library/PrivateFrameworks/CoreUI.framework/Versions/A/CoreUI
0x0000000009ddc000 	/System/Library/Frameworks/CoreAudio.framework/Versions/A/CoreAudio
0x0000000009ddc000 	/System/Library/Frameworks/DiskArbitration.framework/Versions/A/DiskArbitration
0x0000000009ddc000 	/usr/lib/liblangid.dylib
0x0000000009ddc000 	/System/Library/PrivateFrameworks/MultitouchSupport.framework/Versions/A/MultitouchSupport
0x0000000009ddc000 	/System/Library/Frameworks/IOKit.framework/Versions/A/IOKit
0x0000000009ddc000 	/usr/lib/libDiagnosticMessagesClient.dylib
0x0000000009ddc000 	/System/Library/Frameworks/CoreServices.framework/Versions/A/CoreServices
0x0000000009ddc000 	/System/Library/PrivateFrameworks/PerformanceAnalysis.framework/Versions/A/PerformanceAnalysis
0x0000000009ddc000 	/System/Library/PrivateFrameworks/GenerationalStorage.framework/Versions/A/GenerationalStorage
0x0000000009ddc000 	/System/Library/Frameworks/OpenGL.framework/Versions/A/OpenGL
0x0000000009ddc000 	/System/Library/PrivateFrameworks/Sharing.framework/Versions/A/Sharing
0x0000000009ddc000 	/System/Library/Frameworks/CoreGraphics.framework/Versions/A/CoreGraphics
0x0000000009ddc000 	/System/Library/Frameworks/CoreImage.framework/Versions/A/CoreImage
0x0000000009ddc000 	/System/Library/Frameworks/CoreText.framework/Versions/A/CoreText
0x0000000009ddc000 	/System/Library/Frameworks/ImageIO.framework/Versions/A/ImageIO
0x0000000009ddc000 	/System/Library/PrivateFrameworks/Backup.framework/Versions/A/Backup
0x0000000009ddc000 	/usr/lib/libextension.dylib
0x0000000009ddc000 	/usr/lib/libarchive.2.dylib
0x0000000009ddc000 	/System/Library/Frameworks/CFNetwork.framework/Versions/A/CFNetwork
0x0000000009ddc000 	/System/Library/Frameworks/SystemConfiguration.framework/Versions/A/SystemConfiguration
0x0000000009ddc000 	/usr/lib/libCRFSuite.dylib
0x0000000009ddc000 	/usr/lib/libc++.1.dylib
0x0000000009ddc000 	/usr/lib/libc++abi.dylib
0x0000000009ddc000 	/usr/lib/system/libcache.dylib
0x0000000009ddc000 	/usr/lib/system/libcommonCrypto.dylib
0x0000000009ddc000 	/usr/lib/system/libcompiler_rt.dylib
0x0000000009ddc000 	/usr/lib/system/libcopyfile.dylib
0x0000000009ddc000 	/usr/lib/system/libcorecrypto.dylib
0x0000000009ddc000 	/usr/lib/system/libdispatch.dylib
0x0000000009ddc000 	/usr/lib/system/libdyld.dylib
0x0000000009ddc000 	/usr/lib/system/libkeymgr.dylib
0x0000000009ddc000 	/usr/lib/system/liblaunch.dylib
0x0000000009ddc000 	/usr/lib/system/libmacho.dylib
0x0000000009ddc000 	/usr/lib/system/libquarantine.dylib
0x0000000009ddc000 	/usr/lib/system/libremovefile.dylib
0x0000000009ddc000 	/usr/lib/system/libsystem_asl.dylib
0x0000000009ddc000 	/usr/lib/system/libsystem_blocks.dylib
0x0000000009ddc000 	/usr/lib/system/libsystem_c.dylib
0x0000000009ddc000 	/usr/lib/system/libsystem_configuration.dylib
0x0000000009ddc000 	/usr/lib/system/libsystem_coreservices.dylib
0x0000000009ddc000 	/usr/lib/system/libsystem_coretls.dylib
0x0000000009ddc000 	/usr/lib/system/libsystem_dnssd.dylib
0x0000000009ddc000 	/usr/lib/system/libsystem_info.dylib
0x0000000009ddc000 	/usr/lib/system/libsystem_kernel.dylib
0x0000000009ddc000 	/usr/lib/system/libsystem_m.dylib
0x0000000009ddc000 	/usr/lib/system/libsystem_malloc.dylib
0x0000000009ddc000 	/usr/lib/system/libsystem_network.dylib
0x0000000009ddc000 	/usr/lib/system/libsystem_networkextension.dylib
0x0000000009ddc000 	/usr/lib/system/libsystem_notify.dylib
0x0000000009ddc000 	/usr/lib/system/libsystem_platform.dylib
0x0000000009ddc000 	/usr/lib/system/libsystem_pthread.dylib
0x0000000009ddc000 	/usr/lib/system/libsystem_sandbox.dylib
0x0000000009ddc000 	/usr/lib/system/libsystem_secinit.dylib
0x0000000009ddc000 	/usr/lib/system/libsystem_trace.dylib
0x0000000009ddc000 	/usr/lib/system/libunc.dylib
0x0000000009ddc000 	/usr/lib/system/libunwind.dylib
0x0000000009ddc000 	/usr/lib/system/libxpc.dylib
0x0000000009ddc000 	/usr/lib/libenergytrace.dylib
0x0000000009ddc000 	/usr/lib/libbsm.0.dylib
0x0000000009ddc000 	/usr/lib/system/libkxld.dylib
0x0000000009ddc000 	/usr/lib/libxar.1.dylib
0x0000000009ddc000 	/usr/lib/libsqlite3.dylib
0x0000000009ddc000 	/usr/lib/libpam.2.dylib
0x0000000009ddc000 	/usr/lib/libOpenScriptingUtil.dylib
0x0000000009ddc000 	/usr/lib/libbz2.1.0.dylib
0x0000000009ddc000 	/usr/lib/liblzma.5.dylib
0x0000000009ddc000 	/System/Library/Frameworks/CoreServices.framework/Versions/A/Frameworks/FSEvents.framework/Versions/A/FSEvents
0x0000000009ddc000 	/System/Library/Frameworks/CoreServices.framework/Versions/A/Frameworks/CarbonCore.framework/Versions/A/CarbonCore
0x0000000009ddc000 	/System/Library/Frameworks/CoreServices.framework/Versions/A/Frameworks/Metadata.framework/Versions/A/Metadata
0x0000000009ddc000 	/System/Library/Frameworks/CoreServices.framework/Versions/A/Frameworks/OSServices.framework/Versions/A/OSServices
0x0000000009ddc000 	/System/Library/Frameworks/CoreServices.framework/Versions/A/Frameworks/SearchKit.framework/Versions/A/SearchKit
0x0000000009ddc000 	/System/Library/Frameworks/CoreServices.framework/Versions/A/Frameworks/AE.framework/Versions/A/AE
0x0000000009ddc000 	/System/Library/Frameworks/CoreServices.framework/Versions/A/Frameworks/LaunchServices.framework/Versions/A/LaunchServices
0x0000000009ddc000 	/System/Library/Frameworks/CoreServices.framework/Versions/A/Frameworks/DictionaryServices.framework/Versions/A/DictionaryServices
0x0000000009ddc000 	/System/Library/Frameworks/CoreServices.framework/Versions/A/Frameworks/SharedFileList.framework/Versions/A/SharedFileList
0x0000000009ddc000 	/System/Library/Frameworks/NetFS.framework/Versions/A/NetFS
0x0000000009ddc000 	/System/Library/PrivateFrameworks/NetAuth.framework/Versions/A/NetAuth
0x0000000009ddc000 	/System/Library/PrivateFrameworks/login.framework/Versions/A/Frameworks/loginsupport.framework/Versions/A/loginsupport
0x0000000009ddc000 	/System/Library/PrivateFrameworks/TCC.framework/Versions/A/TCC
0x0000000009ddc000 	/usr/lib/libmecabra.dylib
0x0000000009ddc000 	/System/Library/Frameworks/ApplicationServices.framework/Versions/A/Frameworks/ATS.framework/Versions/A/ATS
0x0000000009ddc000 	/System/Library/Frameworks/ApplicationServices.framework/Versions/A/Frameworks/ColorSync.framework/Versions/A/ColorSync
0x0000000009ddc000 	/System/Library/Frameworks/ApplicationServices.framework/Versions/A/Frameworks/HIServices.framework/Versions/A/HIServices
0x0000000009ddc000 	/System/Library/Frameworks/ApplicationServices.framework/Versions/A/Frameworks/LangAnalysis.framework/Versions/A/LangAnalysis
0x0000000009ddc000 	/System/Library/Frameworks/ApplicationServices.framework/Versions/A/Frameworks/PrintCore.framework/Versions/A/PrintCore
0x0000000009ddc000 	/System/Library/Frameworks/ApplicationServices.framework/Versions/A/Frameworks/QD.framework/Versions/A/QD
0x0000000009ddc000 	/System/Library/Frameworks/ApplicationServices.framework/Versions/A/Frameworks/SpeechSynthesis.framework/Versions/A/SpeechSynthesis
0x0000000009ddc000 	/System/Library/Frameworks/Metal.framework/Versions/A/Metal
0x0000000009ddc000 	/System/Library/Frameworks/Accelerate.framework/Versions/A/Frameworks/vImage.framework/Versions/A/vImage
0x0000000009ddc000 	/System/Library/Frameworks/Accelerate.framework/Versions/A/Frameworks/vecLib.framework/Versions/A/vecLib
0x0000000009ddc000 	/System/Library/Frameworks/Accelerate.framework/Versions/A/Frameworks/vecLib.framework/Versions/A/libvDSP.dylib
0x0000000009ddc000 	/System/Library/Frameworks/Accelerate.framework/Versions/A/Frameworks/vecLib.framework/Versions/A/libvMisc.dylib
0x0000000009ddc000 	/System/Library/Frameworks/Accelerate.framework/Versions/A/Frameworks/vecLib.framework/Versions/A/libLAPACK.dylib
0x0000000009ddc000 	/System/Library/Frameworks/Accelerate.framework/Versions/A/Frameworks/vecLib.framework/Versions/A/libBLAS.dylib
0x0000000009ddc000 	/System/Library/Frameworks/Accelerate.framework/Versions/A/Frameworks/vecLib.framework/Versions/A/libLinearAlgebra.dylib
0x0000000009ddc000 	/System/Library/Frameworks/Accelerate.framework/Versions/A/Frameworks/vecLib.framework/Versions/A/libSparseBLAS.dylib
0x0000000009ddc000 	/System/Library/PrivateFrameworks/GPUCompiler.framework/libmetal_timestamp.dylib
0x0000000009ddc000 	/System/Library/Frameworks/OpenGL.framework/Versions/A/Libraries/libCoreFSCache.dylib
0x0000000009ddc000 	/System/Library/PrivateFrameworks/IOAccelerator.framework/Versions/A/IOAccelerator
0x0000000009ddc000 	/System/Library/Frameworks/ApplicationServices.framework/Versions/A/Frameworks/ATS.framework/Versions/A/Resources/libFontParser.dylib
0x0000000009ddc000 	/System/Library/Frameworks/ApplicationServices.framework/Versions/A/Frameworks/ATS.framework/Versions/A/Resources/libFontRegistry.dylib
0x0000000009ddc000 	/System/Library/PrivateFrameworks/AppleVPA.framework/Versions/A/AppleVPA
0x0000000009ddc000 	/System/Library/PrivateFrameworks/AppleJPEG.framework/Versions/A/AppleJPEG
0x0000000009ddc000 	/System/Library/Frameworks/ImageIO.framework/Versions/A/Resources/libJPEG.dylib
0x0000000009ddc000 	/System/Library/Frameworks/ImageIO.framework/Versions/A/Resources/libTIFF.dylib
0x0000000009ddc000 	/System/Library/Frameworks/ImageIO.framework/Versions/A/Resources/libPng.dylib
0x0000000009ddc000 	/System/Library/Frameworks/ImageIO.framework/Versions/A/Resources/libGIF.dylib
0x0000000009ddc000 	/System/Library/Frameworks/ImageIO.framework/Versions/A/Resources/libJP2.dylib
0x0000000009ddc000 	/System/Library/Frameworks/ImageIO.framework/Versions/A/Resources/libRadiance.dylib
0x0000000009ddc000 	/System/Library/Frameworks/CoreVideo.framework/Versions/A/CoreVideo
0x0000000009ddc000 	/System/Library/Frameworks/OpenGL.framework/Versions/A/Libraries/libGLU.dylib
0x0000000009ddc000 	/System/Library/Frameworks/OpenGL.framework/Versions/A/Libraries/libGFXShared.dylib
0x0000000009ddc000 	/System/Library/Frameworks/OpenGL.framework/Versions/A/Libraries/libGL.dylib
0x0000000009ddc000 	/System/Library/Frameworks/OpenGL.framework/Versions/A/Libraries/libGLImage.dylib
0x0000000009ddc000 	/System/Library/Frameworks/OpenGL.framework/Versions/A/Libraries/libCVMSPluginSupport.dylib
0x0000000009ddc000 	/System/Library/Frameworks/OpenGL.framework/Versions/A/Libraries/libCoreVMClient.dylib
0x0000000009ddc000 	/usr/lib/libcompression.dylib
0x0000000009ddc000 	/usr/lib/libcups.2.dylib
0x0000000009ddc000 	/System/Library/Frameworks/Kerberos.framework/Versions/A/Kerberos
0x0000000009ddc000 	/System/Library/Frameworks/GSS.framework/Versions/A/GSS
0x0000000009ddc000 	/usr/lib/libresolv.9.dylib
0x0000000009ddc000 	/usr/lib/libiconv.2.dylib
0x0000000009ddc000 	/System/Library/PrivateFrameworks/Heimdal.framework/Versions/A/Heimdal
0x0000000009ddc000 	/usr/lib/libheimdal-asn1.dylib
0x0000000009ddc000 	/System/Library/Frameworks/OpenDirectory.framework/Versions/A/OpenDirectory
0x0000000009ddc000 	/System/Library/PrivateFrameworks/CommonAuth.framework/Versions/A/CommonAuth
0x0000000009ddc000 	/System/Library/Frameworks/OpenDirectory.framework/Versions/A/Frameworks/CFOpenDirectory.framework/Versions/A/CFOpenDirectory
0x0000000009ddc000 	/System/Library/Frameworks/SecurityFoundation.framework/Versions/A/SecurityFoundation
0x0000000009ddc000 	/System/Library/PrivateFrameworks/LanguageModeling.framework/Versions/A/LanguageModeling
0x0000000009ddc000 	/usr/lib/libmarisa.dylib
0x0000000009ddc000 	/usr/lib/libChineseTokenizer.dylib
0x0000000009ddc000 	/usr/lib/libcmph.dylib
0x0000000009ddc000 	/System/Library/Frameworks/ServiceManagement.framework/Versions/A/ServiceManagement
0x0000000009ddc000 	/usr/lib/libxslt.1.dylib
0x0000000009ddc000 	/System/Library/Frameworks/Carbon.framework/Versions/A/Frameworks/Ink.framework/Versions/A/Ink
0x0000000009ddc000 	/usr/lib/libFosl_dynamic.dylib
0x0000000009ddc000 	/System/Library/PrivateFrameworks/FaceCore.framework/Versions/A/FaceCore
0x0000000009ddc000 	/System/Library/Frameworks/OpenCL.framework/Versions/A/OpenCL
0x0000000009ddc000 	/System/Library/PrivateFrameworks/CrashReporterSupport.framework/Versions/A/CrashReporterSupport
0x0000000009ddc000 	/System/Library/PrivateFrameworks/IconServices.framework/Versions/A/IconServices
0x0000000009ddc000 	/System/Library/PrivateFrameworks/Apple80211.framework/Versions/A/Apple80211
0x0000000009ddc000 	/System/Library/Frameworks/CoreWLAN.framework/Versions/A/CoreWLAN
0x0000000009ddc000 	/System/Library/Frameworks/IOBluetooth.framework/Versions/A/IOBluetooth
0x0000000009ddc000 	/System/Library/PrivateFrameworks/CoreWiFi.framework/Versions/A/CoreWiFi
0x0000000009ddc000 	/System/Library/Frameworks/CoreBluetooth.framework/Versions/A/CoreBluetooth
0x0000000009ddc000 	/System/Library/PrivateFrameworks/ChunkingLibrary.framework/Versions/A/ChunkingLibrary
0x0000000009ddc000 	/System/Library/PrivateFrameworks/DebugSymbols.framework/Versions/A/DebugSymbols
0x0000000009ddc000 	/System/Library/PrivateFrameworks/CoreSymbolication.framework/Versions/A/CoreSymbolication
0x0000000009ddc000 	/System/Library/PrivateFrameworks/Symbolication.framework/Versions/A/Symbolication
0x0000000009ddc000 	/System/Library/PrivateFrameworks/SpeechRecognitionCore.framework/Versions/A/SpeechRecognitionCore
0x0000000105da4000 	/Library/Java/JavaVirtualMachines/jdk1.8.0_77.jdk/Contents/Home/jre/lib/server/libjvm.dylib
0x0000000009ddc000 	/usr/lib/libstdc++.6.dylib
0x0000000106d33000 	/Library/Java/JavaVirtualMachines/jdk1.8.0_77.jdk/Contents/Home/jre/lib/libverify.dylib
0x0000000106d41000 	/Library/Java/JavaVirtualMachines/jdk1.8.0_77.jdk/Contents/Home/jre/lib/libjava.dylib
0x0000000106d84000 	/Library/Java/JavaVirtualMachines/jdk1.8.0_77.jdk/Contents/Home/jre/lib/libzip.dylib
0x000000011c4b2000 	/System/Library/Frameworks/JavaVM.framework/Frameworks/JavaRuntimeSupport.framework/JavaRuntimeSupport
0x000000011c4cd000 	/System/Library/Frameworks/JavaVM.framework/Versions/A/Frameworks/JavaNativeFoundation.framework/Versions/A/JavaNativeFoundation
0x000000011c4e2000 	/System/Library/Frameworks/JavaVM.framework/Versions/A/JavaVM
0x0000000009ddc000 	/System/Library/Frameworks/Carbon.framework/Versions/A/Carbon
0x000000011c4ef000 	/System/Library/PrivateFrameworks/JavaLaunching.framework/Versions/A/JavaLaunching
0x0000000009ddc000 	/System/Library/Frameworks/Carbon.framework/Versions/A/Frameworks/CommonPanels.framework/Versions/A/CommonPanels
0x0000000009ddc000 	/System/Library/Frameworks/Carbon.framework/Versions/A/Frameworks/Help.framework/Versions/A/Help
0x0000000009ddc000 	/System/Library/Frameworks/Carbon.framework/Versions/A/Frameworks/ImageCapture.framework/Versions/A/ImageCapture
0x0000000009ddc000 	/System/Library/Frameworks/Carbon.framework/Versions/A/Frameworks/OpenScripting.framework/Versions/A/OpenScripting
0x0000000009ddc000 	/System/Library/Frameworks/Carbon.framework/Versions/A/Frameworks/Print.framework/Versions/A/Print
0x0000000009ddc000 	/System/Library/Frameworks/Carbon.framework/Versions/A/Frameworks/SecurityHI.framework/Versions/A/SecurityHI
0x000000011de14000 	/Library/Java/JavaVirtualMachines/jdk1.8.0_77.jdk/Contents/Home/jre/lib/libawt.dylib
0x000000011debc000 	/Library/Java/JavaVirtualMachines/jdk1.8.0_77.jdk/Contents/Home/jre/lib/./libmlib_image.dylib
0x000000011df88000 	/Library/Java/JavaVirtualMachines/jdk1.8.0_77.jdk/Contents/Home/jre/lib/libawt_lwawt.dylib
0x000000011e03d000 	/Library/Java/JavaVirtualMachines/jdk1.8.0_77.jdk/Contents/Home/jre/lib/./libosxapp.dylib
0x0000000009ddc000 	/System/Library/Frameworks/ExceptionHandling.framework/Versions/A/ExceptionHandling
0x0000000009ddc000 	/System/Library/PrivateFrameworks/CoreServicesInternal.framework/Versions/A/CoreServicesInternal
0x000000011eeba000 	/System/Library/Frameworks/CoreGraphics.framework/Versions/A/Resources/libRIP.A.dylib
0x0000000009ddc000 	/System/Library/Frameworks/Accelerate.framework/Versions/A/Frameworks/vImage.framework/Versions/A/Libraries/libCGInterfaces.dylib
0x000000011f153000 	/System/Library/Frameworks/CoreGraphics.framework/Versions/A/Resources/libCGXType.A.dylib
0x0000000009ddc000 	/System/Library/Frameworks/OpenCL.framework/Versions/A/Libraries/libcldcpuengine.dylib
0x0000000009ddc000 	/System/Library/PrivateFrameworks/DiskImages.framework/Versions/A/DiskImages
0x0000000009ddc000 	/System/Library/Frameworks/DiscRecording.framework/Versions/A/DiscRecording
0x0000000009ddc000 	/usr/lib/libcsfde.dylib
0x0000000009ddc000 	/usr/lib/libcurl.4.dylib
0x0000000009ddc000 	/System/Library/PrivateFrameworks/MediaKit.framework/Versions/A/MediaKit
0x0000000009ddc000 	/System/Library/PrivateFrameworks/ProtectedCloudStorage.framework/Versions/A/ProtectedCloudStorage
0x0000000009ddc000 	/usr/lib/libCoreStorage.dylib
0x0000000009ddc000 	/System/Library/PrivateFrameworks/EFILogin.framework/Versions/A/EFILogin
0x0000000009ddc000 	/usr/lib/libutil.dylib
0x0000000009ddc000 	/System/Library/PrivateFrameworks/FindMyDevice.framework/Versions/A/FindMyDevice
0x0000000009ddc000 	/System/Library/Frameworks/LDAP.framework/Versions/A/LDAP
0x0000000009ddc000 	/usr/lib/libsasl2.2.dylib
0x0000000009ddc000 	/System/Library/PrivateFrameworks/CoreDaemon.framework/Versions/B/CoreDaemon
0x0000000009ddc000 	/usr/lib/libcrypto.0.9.8.dylib
0x0000000009ddc000 	/System/Library/PrivateFrameworks/AppleSRP.framework/Versions/A/AppleSRP
0x0000000009ddc000 	/System/Library/PrivateFrameworks/TrustEvaluationAgent.framework/Versions/A/TrustEvaluationAgent
0x000000011fc08000 	cl_kernels
0x0000000009ddc000 	/System/Library/Frameworks/OpenCL.framework/Versions/A/Libraries/ImageFormats/unorm8_bgra.dylib
0x0000000009ddc000 	/System/Library/Frameworks/OpenCL.framework/Versions/A/Libraries/ImageFormats/unorm8_rgba.dylib
0x0000000009ddc000 	/System/Library/PrivateFrameworks/FamilyControls.framework/Versions/A/FamilyControls
0x0000000009ddc000 	/System/Library/PrivateFrameworks/CommerceKit.framework/Versions/A/Frameworks/CommerceCore.framework/Versions/A/CommerceCore
0x0000000009ddc000 	/System/Library/PrivateFrameworks/SystemAdministration.framework/Versions/A/SystemAdministration
0x0000000009ddc000 	/System/Library/PrivateFrameworks/AppContainer.framework/Versions/A/AppContainer
0x0000000009ddc000 	/System/Library/PrivateFrameworks/SecCodeWrapper.framework/Versions/A/SecCodeWrapper
0x0000000009ddc000 	/System/Library/Frameworks/DirectoryService.framework/Versions/A/DirectoryService
0x0000000009ddc000 	/System/Library/PrivateFrameworks/LoginUIKit.framework/Versions/A/Frameworks/LoginUICore.framework/Versions/A/LoginUICore
0x0000000009ddc000 	/usr/lib/libodfde.dylib
0x0000000120c22000 	/private/var/folders/fy/6q_s_px91kdcdjwxbmnlglym0000gn/T/bluecove_mark1_0/libbluecove.jnilib

VM Arguments:
jvm_args: -Dbluecove.jsr82.psm_minimum_off=true -Dfile.encoding=UTF-8 
java_command: Grid
java_class_path (initial): /Users/mark1/Documents/GitHub Repositories/EvalGesture/GestureGridJava/bin:/Users/mark1/Documents/GitHub Repositories/EvalGesture/GestureGridJava/lib/wiigee_v11.jar:/Users/mark1/Documents/GitHub Repositories/EvalGesture/GestureGridJava/lib/bluecove-2.1.2.jar
Launcher Type: SUN_STANDARD

Environment Variables:
PATH=/usr/bin:/bin:/usr/sbin:/sbin
SHELL=/bin/bash

Signal Handlers:
SIGSEGV: [libjvm.dylib+0x5a6855], sa_mask[0]=11111111011111110111111111111111, sa_flags=SA_ONSTACK|SA_RESTART|SA_SIGINFO
SIGBUS: [libjvm.dylib+0x5a6855], sa_mask[0]=11111111011111110111111111111111, sa_flags=SA_RESTART|SA_SIGINFO
SIGFPE: [libjvm.dylib+0x4804ec], sa_mask[0]=11111111011111110111111111111111, sa_flags=SA_RESTART|SA_SIGINFO
SIGPIPE: [libjvm.dylib+0x4804ec], sa_mask[0]=11111111011111110111111111111111, sa_flags=SA_RESTART|SA_SIGINFO
SIGXFSZ: [libjvm.dylib+0x4804ec], sa_mask[0]=11111111011111110111111111111111, sa_flags=SA_RESTART|SA_SIGINFO
SIGILL: [libjvm.dylib+0x4804ec], sa_mask[0]=11111111011111110111111111111111, sa_flags=SA_RESTART|SA_SIGINFO
SIGUSR1: SIG_DFL, sa_mask[0]=00000000000000000000000000000000, sa_flags=none
SIGUSR2: [libjvm.dylib+0x48000a], sa_mask[0]=00100000000000000000000000000000, sa_flags=SA_RESTART|SA_SIGINFO
SIGHUP: [libjvm.dylib+0x47e5e1], sa_mask[0]=11111111011111110111111111111111, sa_flags=SA_RESTART|SA_SIGINFO
SIGINT: [libjvm.dylib+0x47e5e1], sa_mask[0]=11111111011111110111111111111111, sa_flags=SA_RESTART|SA_SIGINFO
SIGTERM: [libjvm.dylib+0x47e5e1], sa_mask[0]=11111111011111110111111111111111, sa_flags=SA_RESTART|SA_SIGINFO
SIGQUIT: [libjvm.dylib+0x47e5e1], sa_mask[0]=11111111011111110111111111111111, sa_flags=SA_RESTART|SA_SIGINFO


---------------  S Y S T E M  ---------------

OS:Bsduname:Darwin 15.6.0 Darwin Kernel Version 15.6.0: Wed Nov  2 20:30:56 PDT 2016; root:xnu-3248.60.11.1.2~2/RELEASE_X86_64 x86_64
rlimit: STACK 8192k, CORE 0k, NPROC 709, NOFILE 10240, AS infinity
load average:1.59 1.57 1.54

CPU:total 2 (2 cores per cpu, 1 threads per core) family 6 model 23 stepping 10, cmov, cx8, fxsr, mmx, sse, sse2, sse3, ssse3, sse4.1, tsc

Memory: 4k page, physical 8388608k(2491560k free)

/proc/meminfo:


vm_info: Java HotSpot(TM) 64-Bit Server VM (25.77-b03) for bsd-amd64 JRE (1.8.0_77-b03), built on Mar 20 2016 22:14:03 by "java_re" with gcc 4.2.1 (Based on Apple Inc. build 5658) (LLVM build 2336.11.00)

time: Sun Jan  8 18:17:26 2017
elapsed time: 0 seconds (0d 0h 0m 0s)

