#
# A fatal error has been detected by the Java Runtime Environment:
#
#  SIGSEGV (0xb) at pc=0x00007fff865371c0, pid=1118, tid=2571
#
# JRE version: Java(TM) SE Runtime Environment (8.0_77-b03) (build 1.8.0_77-b03)
# Java VM: Java HotSpot(TM) 64-Bit Server VM (25.77-b03 mixed mode bsd-amd64 compressed oops)
# Problematic frame:
# C  [libsystem_c.dylib+0x11c0]  strncpy+0x40
#
# Failed to write core dump. Core dumps have been disabled. To enable core dumping, try "ulimit -c unlimited" before starting Java again
#
# If you would like to submit a bug report, please visit:
#   http://bugreport.java.com/bugreport/crash.jsp
# The crash happened outside the Java Virtual Machine in native code.
# See problematic frame for where to report the bug.
#

---------------  T H R E A D  ---------------

Current thread (0x00007fc99b838000):  JavaThread "AWT-AppKit" daemon [_thread_in_native, id=2571, stack(0x00007fff5a43c000,0x00007fff5ac3c000)]

siginfo: si_signo: 11 (SIGSEGV), si_code: 1 (SEGV_MAPERR), si_addr: 0x0000000000000000

Registers:
RAX=0x0000000000000000, RBX=0x0000700000182a48, RCX=0x000000000000000c, RDX=0x00000000000000ff
RSP=0x00007fff5ac37dc8, RBP=0x00007fff5ac37de0, RSI=0x0000000000000000, RDI=0x0000700000182ac4
R8 =0x0000700000182ac4, R9 =0x0000000000000000, R10=0x00007fff994f3601, R11=0x00007fff86537180
R12=0x00000000000020ff, R13=0x0000700000182980, R14=0x000000012008a4be, R15=0x0000000000000000
RIP=0x00007fff865371c0, EFLAGS=0x0000000000010202, ERR=0x0000000000000004
  TRAPNO=0x000000000000000e

Top of Stack: (sp=0x00007fff5ac37dc8)
0x00007fff5ac37dc8:   000000012007de56 0000000000000000
0x00007fff5ac37dd8:   00007fff756aea40 00007fff5ac37e00
0x00007fff5ac37de8:   00007fff8ea9640b 0000000000000000
0x00007fff5ac37df8:   0000000000000000 00007fff5ac37e40
0x00007fff5ac37e08:   00007fff8eaa8ebe 000000000000a23b
0x00007fff5ac37e18:   0000000000000000 00007fff5ac37ea0
0x00007fff5ac37e28:   0000700000182940 0000000000000000
0x00007fff5ac37e38:   00007fff756aea40 00007fff5ac37e60
0x00007fff5ac37e48:   00007fff8ea9640b 000000000000000a
0x00007fff5ac37e58:   0000000000000000 00007fff5ac37f10
0x00007fff5ac37e68:   00007fff8eaa9c1c 0000000000000000
0x00007fff5ac37e78:   00007fff756aea40 00000000000020ff
0x00007fff5ac37e88:   0000000000000000 00007fff5ac37f20
0x00007fff5ac37e98:   00007fff95124f6c 0000000000000000
0x00007fff5ac37ea8:   0000000000000000 0000000000000000
0x00007fff5ac37eb8:   0000000000000000 0000000000000000
0x00007fff5ac37ec8:   0000000000000000 0000000000000000
0x00007fff5ac37ed8:   0000000000000000 00007fff5ac37ea0
0x00007fff5ac37ee8:   0000000000001c03 00007fff5ac37fd0
0x00007fff5ac37ef8:   00007fc99ac14f90 00007fc99ac150f0
0x00007fff5ac37f08:   00007fc99b009070 00007fff5ac37f20
0x00007fff5ac37f18:   00007fff95145949 00007fff5ac38c00
0x00007fff5ac37f28:   00007fff9510483d 69000a80c6144d01
0x00007fff5ac37f38:   00007fff766eb440 00007fc99ada7230
0x00007fff5ac37f48:   0000000000000000 00007fc99ac14f80
0x00007fff5ac37f58:   00007fc99ada7240 000000015ac37fc0
0x00007fff5ac37f68:   00001c0300000000 00007fc99ac14f90
0x00007fff5ac37f78:   00007fc99ac15100 41be27bf114db77c
0x00007fff5ac37f88:   0000000000000099 00000df300000001
0x00007fff5ac37f98:   422d277400dd6400 000019035ac37fd0
0x00007fff5ac37fa8:   00007fff95099039 00001c0300000004
0x00007fff5ac37fb8:   00007fff5ac37fd0 0000000000000000 

Instructions: (pc=0x00007fff865371c0)
0x00007fff865371a0:   ca c1 e9 04 75 4a b9 10 00 00 00 48 83 fa 1f 77
0x00007fff865371b0:   0f 89 d1 85 d2 75 09 e9 b0 00 00 00 0f 1f 40 00
0x00007fff865371c0:   0f b6 06 48 83 c6 01 48 83 ea 01 88 07 48 83 c7
0x00007fff865371d0:   01 85 c0 0f 84 83 00 00 00 48 83 e9 01 75 e1 48 

Register to memory mapping:

RAX=0x0000000000000000 is an unknown value
RBX=0x0000700000182a48 is pointing into the stack for thread: 0x00007fc99b00d800
RCX=0x000000000000000c is an unknown value
RDX=0x00000000000000ff is an unknown value
RSP=0x00007fff5ac37dc8 is pointing into the stack for thread: 0x00007fc99b838000
RBP=0x00007fff5ac37de0 is pointing into the stack for thread: 0x00007fc99b838000
RSI=0x0000000000000000 is an unknown value
RDI=0x0000700000182ac4 is pointing into the stack for thread: 0x00007fc99b00d800
R8 =0x0000700000182ac4 is pointing into the stack for thread: 0x00007fc99b00d800
R9 =0x0000000000000000 is an unknown value
R10=0x00007fff994f3601: CocoaVersionNumber+0xa79b609 in /System/Library/Frameworks/Cocoa.framework/Versions/A/Cocoa at 0x00007fff8ed57000
R11=0x00007fff86537180: strncpy+0 in /usr/lib/system/libsystem_c.dylib at 0x00007fff86536000
R12=0x00000000000020ff is an unknown value
R13=0x0000700000182980 is pointing into the stack for thread: 0x00007fc99b00d800
R14=0x000000012008a4be: GCC_except_table25+0x606 in /private/var/folders/fy/6q_s_px91kdcdjwxbmnlglym0000gn/T/bluecove_mark1_0/libbluecove.jnilib at 0x000000012007a000
R15=0x0000000000000000 is an unknown value


Stack: [0x00007fff5a43c000,0x00007fff5ac3c000],  sp=0x00007fff5ac37dc8,  free space=8175k
Native frames: (J=compiled Java code, j=interpreted, Vv=VM code, C=native code)
C  [libsystem_c.dylib+0x11c0]  strncpy+0x40
C  [libdispatch.dylib+0x240b]  _dispatch_client_callout+0x8
C  [libdispatch.dylib+0x14ebe]  _dispatch_barrier_sync_f_slow_invoke+0x20b
C  [libdispatch.dylib+0x240b]  _dispatch_client_callout+0x8
C  [libdispatch.dylib+0x15c1c]  _dispatch_main_queue_callback_4CF+0x695
C  [CoreFoundation+0xca949]  __CFRUNLOOP_IS_SERVICING_THE_MAIN_DISPATCH_QUEUE__+0x9
C  [CoreFoundation+0x8983d]  __CFRunLoopRun+0x79d
C  [CoreFoundation+0x88e38]  CFRunLoopRunSpecific+0x128
C  [HIToolbox+0x30935]  RunCurrentEventLoopInMode+0xeb
C  [HIToolbox+0x3076f]  ReceiveNextEventCommon+0x1b0
C  [HIToolbox+0x305af]  _BlockUntilNextEventMatchingListInModeWithFilter+0x47
C  [AppKit+0x48df6]  _DPSNextEvent+0x42b
C  [AppKit+0x48226]  -[NSApplication _nextEventMatchingEventMask:untilDate:inMode:dequeue:]+0x1c6
C  [libosxapp.dylib+0x23aa]  -[NSApplicationAWT nextEventMatchingMask:untilDate:inMode:dequeue:]+0x7c
C  [AppKit+0x3cd80]  -[NSApplication run]+0x2aa
C  [libosxapp.dylib+0x214d]  +[NSApplicationAWT runAWTLoopWithApp:]+0x9c
C  [libawt_lwawt.dylib+0x4455b]  -[AWTStarter starter:]+0x389
C  [Foundation+0x76fde]  __NSThreadPerformPerform+0x117
C  [CoreFoundation+0xaa7e1]  __CFRUNLOOP_IS_CALLING_OUT_TO_A_SOURCE0_PERFORM_FUNCTION__+0x11
C  [CoreFoundation+0x89f1c]  __CFRunLoopDoSources0+0x22c
C  [CoreFoundation+0x8943f]  __CFRunLoopRun+0x39f
C  [CoreFoundation+0x88e38]  CFRunLoopRunSpecific+0x128
C  [java+0x6463]  CreateExecutionEnvironment+0x367
C  [java+0x21ac]  JLI_Launch+0x7a0
C  [java+0x84c0]  main+0x65
C  [java+0x1a04]  start+0x34
C  0x0000000000000006


---------------  P R O C E S S  ---------------

Java Threads: ( => current thread )
  0x00007fc99b293000 JavaThread "BluecoveAsynchronousShutdownThread" daemon [_thread_blocked, id=47363, stack(0x0000700000fcd000,0x00007000010cd000)]
  0x00007fc99b9da000 JavaThread "AWT-Shutdown" [_thread_blocked, id=28687, stack(0x0000700000e47000,0x0000700000f47000)]
=>0x00007fc99b838000 JavaThread "AWT-AppKit" daemon [_thread_in_native, id=2571, stack(0x00007fff5a43c000,0x00007fff5ac3c000)]
  0x00007fc99b0be800 JavaThread "Service Thread" daemon [_thread_blocked, id=17411, stack(0x0000700000bbe000,0x0000700000cbe000)]
  0x00007fc99b0b3800 JavaThread "C1 CompilerThread1" daemon [_thread_blocked, id=16899, stack(0x0000700000abb000,0x0000700000bbb000)]
  0x00007fc99b024800 JavaThread "C2 CompilerThread0" daemon [_thread_blocked, id=16387, stack(0x00007000009b8000,0x0000700000ab8000)]
  0x00007fc99b024000 JavaThread "Signal Dispatcher" daemon [_thread_blocked, id=15879, stack(0x00007000008b5000,0x00007000009b5000)]
  0x00007fc99b82e800 JavaThread "Finalizer" daemon [_thread_blocked, id=10755, stack(0x0000700000629000,0x0000700000729000)]
  0x00007fc99b00f000 JavaThread "Reference Handler" daemon [_thread_blocked, id=10243, stack(0x0000700000526000,0x0000700000626000)]
  0x00007fc99b00d800 JavaThread "main" [_thread_in_native, id=4099, stack(0x0000700000084000,0x0000700000184000)]

Other Threads:
  0x00007fc99b82a000 VMThread [stack: 0x0000700000423000,0x0000700000523000] [id=9731]
  0x00007fc99b85c800 WatcherThread [stack: 0x0000700000cc1000,0x0000700000dc1000] [id=17923]

VM state:not at safepoint (normal execution)

VM Mutex/Monitor currently owned by a thread: None

Heap:
 PSYoungGen      total 38400K, used 4660K [0x0000000795580000, 0x0000000798000000, 0x00000007c0000000)
  eden space 33280K, 14% used [0x0000000795580000,0x0000000795a0d0f8,0x0000000797600000)
  from space 5120K, 0% used [0x0000000797b00000,0x0000000797b00000,0x0000000798000000)
  to   space 5120K, 0% used [0x0000000797600000,0x0000000797600000,0x0000000797b00000)
 ParOldGen       total 87552K, used 0K [0x0000000740000000, 0x0000000745580000, 0x0000000795580000)
  object space 87552K, 0% used [0x0000000740000000,0x0000000740000000,0x0000000745580000)
 Metaspace       used 4832K, capacity 4968K, committed 5248K, reserved 1056768K
  class space    used 545K, capacity 593K, committed 640K, reserved 1048576K

Card table byte_map: [0x0000000115bc0000,0x0000000115fc1000] byte_map_base: 0x00000001121c0000

Marking Bits: (ParMarkBitMap*) 0x0000000105b23ea0
 Begin Bits: [0x000000011626c000, 0x000000011826c000)
 End Bits:   [0x000000011826c000, 0x000000011a26c000)

Polling page: 0x0000000106212000

CodeCache: size=245760Kb used=1614Kb max_used=1614Kb free=244145Kb
 bounds [0x0000000106800000, 0x0000000106a70000, 0x0000000115800000]
 total_blobs=547 nmethods=275 adapters=188
 compilation: enabled

Compilation events (10 events):
Event: 0.613 Thread 0x00007fc99b0b3800  270       3       java.lang.Character::toUpperCase (6 bytes)
Event: 0.613 Thread 0x00007fc99b0b3800 nmethod 270 0x000000010698e5d0 code [0x000000010698e760, 0x000000010698e9f8]
Event: 0.615 Thread 0x00007fc99b0b3800  271       3       java.util.zip.Inflater::ensureOpen (47 bytes)
Event: 0.615 Thread 0x00007fc99b0b3800 nmethod 271 0x000000010698eb10 code [0x000000010698eca0, 0x000000010698ef88]
Event: 0.617 Thread 0x00007fc99b0b3800  272   !   3       java.util.zip.Inflater::inflate (113 bytes)
Event: 0.618 Thread 0x00007fc99b0b3800 nmethod 272 0x000000010698f410 code [0x000000010698f5e0, 0x000000010698fc58]
Event: 0.619 Thread 0x00007fc99b024800 nmethod 266 0x0000000106993090 code [0x0000000106993200, 0x0000000106993698]
Event: 0.625 Thread 0x00007fc99b0b3800  274   !   3       sun.misc.URLClassPath$JarLoader::getResource (85 bytes)
Event: 0.626 Thread 0x00007fc99b0b3800 nmethod 274 0x0000000106991910 code [0x0000000106991b60, 0x0000000106992918]
Event: 0.626 Thread 0x00007fc99b0b3800  275   !   3       java.util.zip.InflaterInputStream::read (138 bytes)

GC Heap History (0 events):
No events

Deoptimization events (0 events):
No events

Internal exceptions (10 events):
Event: 0.255 Thread 0x00007fc99b00d800 Exception <a 'java/security/PrivilegedActionException'> (0x0000000795620dc8) thrown at [/Users/java_re/workspace/8-2-build-macosx-x86_64/jdk8u77/6540/hotspot/src/share/vm/prims/jvm.cpp, line 1386]
Event: 0.255 Thread 0x00007fc99b00d800 Exception <a 'java/security/PrivilegedActionException'> (0x0000000795620fd8) thrown at [/Users/java_re/workspace/8-2-build-macosx-x86_64/jdk8u77/6540/hotspot/src/share/vm/prims/jvm.cpp, line 1386]
Event: 0.255 Thread 0x00007fc99b00d800 Exception <a 'java/security/PrivilegedActionException'> (0x0000000795624278) thrown at [/Users/java_re/workspace/8-2-build-macosx-x86_64/jdk8u77/6540/hotspot/src/share/vm/prims/jvm.cpp, line 1386]
Event: 0.255 Thread 0x00007fc99b00d800 Exception <a 'java/security/PrivilegedActionException'> (0x0000000795624488) thrown at [/Users/java_re/workspace/8-2-build-macosx-x86_64/jdk8u77/6540/hotspot/src/share/vm/prims/jvm.cpp, line 1386]
Event: 0.329 Thread 0x00007fc99b00d800 Exception <a 'java/lang/NoSuchFieldError': method resolution failed> (0x0000000795797f00) thrown at [/Users/java_re/workspace/8-2-build-macosx-x86_64/jdk8u77/6540/hotspot/src/share/vm/prims/methodHandles.cpp, line 1146]
Event: 0.341 Thread 0x00007fc99b00d800 Exception <a 'java/lang/NoSuchFieldError': method resolution failed> (0x00000007957a56d0) thrown at [/Users/java_re/workspace/8-2-build-macosx-x86_64/jdk8u77/6540/hotspot/src/share/vm/prims/methodHandles.cpp, line 1146]
Event: 0.555 Thread 0x00007fc99b00d800 Exception <a 'java/io/FileNotFoundException'> (0x00000007958206f0) thrown at [/Users/java_re/workspace/8-2-build-macosx-x86_64/jdk8u77/6540/hotspot/src/share/vm/prims/jni.cpp, line 709]
Event: 0.555 Thread 0x00007fc99b00d800 Exception <a 'java/io/FileNotFoundException'> (0x0000000795821238) thrown at [/Users/java_re/workspace/8-2-build-macosx-x86_64/jdk8u77/6540/hotspot/src/share/vm/prims/jni.cpp, line 709]
Event: 0.592 Thread 0x00007fc99b00d800 Exception <a 'java/lang/NoClassDefFoundError': org/apache/log4j/Category> (0x00000007958b8a28) thrown at [/Users/java_re/workspace/8-2-build-macosx-x86_64/jdk8u77/6540/hotspot/src/share/vm/classfile/systemDictionary.cpp, line 199]
Event: 0.605 Thread 0x00007fc99b00d800 Exception <a 'java/lang/UnsatisfiedLinkError': com.intel.bluetooth.BluetoothStackOSX.isNativeCodeLoaded()Z> (0x00000007959a1218) thrown at [/Users/java_re/workspace/8-2-build-macosx-x86_64/jdk8u77/6540/hotspot/src/share/vm/prims/nativeLookup.cpp, line 378

Events (10 events):
Event: 0.611 loading class java/lang/Shutdown$Lock done
Event: 0.622 loading class java/lang/ApplicationShutdownHooks
Event: 0.622 loading class java/lang/ApplicationShutdownHooks done
Event: 0.622 loading class java/lang/ApplicationShutdownHooks$1
Event: 0.622 loading class java/lang/ApplicationShutdownHooks$1 done
Event: 0.622 Thread 0x00007fc99b293000 Thread added: 0x00007fc99b293000
Event: 0.622 loading class com/intel/bluetooth/BlueCoveImpl$BluetoothStackHolder
Event: 0.622 loading class com/intel/bluetooth/BlueCoveImpl$BluetoothStackHolder done
Event: 0.624 loading class javax/bluetooth/DiscoveryAgent
Event: 0.624 loading class javax/bluetooth/DiscoveryAgent done


Dynamic libraries:
0x000000000289a000 	/System/Library/Frameworks/Cocoa.framework/Versions/A/Cocoa
0x000000000289a000 	/System/Library/Frameworks/Security.framework/Versions/A/Security
0x000000000289a000 	/System/Library/Frameworks/ApplicationServices.framework/Versions/A/ApplicationServices
0x000000000289a000 	/usr/lib/libz.1.dylib
0x000000000289a000 	/usr/lib/libSystem.B.dylib
0x000000000289a000 	/usr/lib/libobjc.A.dylib
0x000000000289a000 	/System/Library/Frameworks/CoreFoundation.framework/Versions/A/CoreFoundation
0x000000000289a000 	/System/Library/Frameworks/Foundation.framework/Versions/C/Foundation
0x000000000289a000 	/System/Library/Frameworks/AppKit.framework/Versions/C/AppKit
0x000000000289a000 	/System/Library/Frameworks/CoreData.framework/Versions/A/CoreData
0x000000000289a000 	/System/Library/PrivateFrameworks/RemoteViewServices.framework/Versions/A/RemoteViewServices
0x000000000289a000 	/System/Library/PrivateFrameworks/UIFoundation.framework/Versions/A/UIFoundation
0x000000000289a000 	/usr/lib/libScreenReader.dylib
0x000000000289a000 	/System/Library/Frameworks/Accelerate.framework/Versions/A/Accelerate
0x000000000289a000 	/System/Library/Frameworks/IOSurface.framework/Versions/A/IOSurface
0x000000000289a000 	/System/Library/Frameworks/AudioToolbox.framework/Versions/A/AudioToolbox
0x000000000289a000 	/System/Library/Frameworks/AudioUnit.framework/Versions/A/AudioUnit
0x000000000289a000 	/System/Library/PrivateFrameworks/DataDetectorsCore.framework/Versions/A/DataDetectorsCore
0x000000000289a000 	/System/Library/PrivateFrameworks/DesktopServicesPriv.framework/Versions/A/DesktopServicesPriv
0x000000000289a000 	/System/Library/Frameworks/Carbon.framework/Versions/A/Frameworks/HIToolbox.framework/Versions/A/HIToolbox
0x000000000289a000 	/System/Library/Frameworks/QuartzCore.framework/Versions/A/QuartzCore
0x000000000289a000 	/System/Library/Frameworks/Carbon.framework/Versions/A/Frameworks/SpeechRecognition.framework/Versions/A/SpeechRecognition
0x000000000289a000 	/usr/lib/libauto.dylib
0x000000000289a000 	/usr/lib/libicucore.A.dylib
0x000000000289a000 	/usr/lib/libxml2.2.dylib
0x000000000289a000 	/System/Library/PrivateFrameworks/CoreUI.framework/Versions/A/CoreUI
0x000000000289a000 	/System/Library/Frameworks/CoreAudio.framework/Versions/A/CoreAudio
0x000000000289a000 	/System/Library/Frameworks/DiskArbitration.framework/Versions/A/DiskArbitration
0x000000000289a000 	/usr/lib/liblangid.dylib
0x000000000289a000 	/System/Library/PrivateFrameworks/MultitouchSupport.framework/Versions/A/MultitouchSupport
0x000000000289a000 	/System/Library/Frameworks/IOKit.framework/Versions/A/IOKit
0x000000000289a000 	/usr/lib/libDiagnosticMessagesClient.dylib
0x000000000289a000 	/System/Library/Frameworks/CoreServices.framework/Versions/A/CoreServices
0x000000000289a000 	/System/Library/PrivateFrameworks/PerformanceAnalysis.framework/Versions/A/PerformanceAnalysis
0x000000000289a000 	/System/Library/PrivateFrameworks/GenerationalStorage.framework/Versions/A/GenerationalStorage
0x000000000289a000 	/System/Library/Frameworks/OpenGL.framework/Versions/A/OpenGL
0x000000000289a000 	/System/Library/PrivateFrameworks/Sharing.framework/Versions/A/Sharing
0x000000000289a000 	/System/Library/Frameworks/CoreGraphics.framework/Versions/A/CoreGraphics
0x000000000289a000 	/System/Library/Frameworks/CoreImage.framework/Versions/A/CoreImage
0x000000000289a000 	/System/Library/Frameworks/CoreText.framework/Versions/A/CoreText
0x000000000289a000 	/System/Library/Frameworks/ImageIO.framework/Versions/A/ImageIO
0x000000000289a000 	/System/Library/PrivateFrameworks/Backup.framework/Versions/A/Backup
0x000000000289a000 	/usr/lib/libextension.dylib
0x000000000289a000 	/usr/lib/libarchive.2.dylib
0x000000000289a000 	/System/Library/Frameworks/CFNetwork.framework/Versions/A/CFNetwork
0x000000000289a000 	/System/Library/Frameworks/SystemConfiguration.framework/Versions/A/SystemConfiguration
0x000000000289a000 	/usr/lib/libCRFSuite.dylib
0x000000000289a000 	/usr/lib/libc++.1.dylib
0x000000000289a000 	/usr/lib/libc++abi.dylib
0x000000000289a000 	/usr/lib/system/libcache.dylib
0x000000000289a000 	/usr/lib/system/libcommonCrypto.dylib
0x000000000289a000 	/usr/lib/system/libcompiler_rt.dylib
0x000000000289a000 	/usr/lib/system/libcopyfile.dylib
0x000000000289a000 	/usr/lib/system/libcorecrypto.dylib
0x000000000289a000 	/usr/lib/system/libdispatch.dylib
0x000000000289a000 	/usr/lib/system/libdyld.dylib
0x000000000289a000 	/usr/lib/system/libkeymgr.dylib
0x000000000289a000 	/usr/lib/system/liblaunch.dylib
0x000000000289a000 	/usr/lib/system/libmacho.dylib
0x000000000289a000 	/usr/lib/system/libquarantine.dylib
0x000000000289a000 	/usr/lib/system/libremovefile.dylib
0x000000000289a000 	/usr/lib/system/libsystem_asl.dylib
0x000000000289a000 	/usr/lib/system/libsystem_blocks.dylib
0x000000000289a000 	/usr/lib/system/libsystem_c.dylib
0x000000000289a000 	/usr/lib/system/libsystem_configuration.dylib
0x000000000289a000 	/usr/lib/system/libsystem_coreservices.dylib
0x000000000289a000 	/usr/lib/system/libsystem_coretls.dylib
0x000000000289a000 	/usr/lib/system/libsystem_dnssd.dylib
0x000000000289a000 	/usr/lib/system/libsystem_info.dylib
0x000000000289a000 	/usr/lib/system/libsystem_kernel.dylib
0x000000000289a000 	/usr/lib/system/libsystem_m.dylib
0x000000000289a000 	/usr/lib/system/libsystem_malloc.dylib
0x000000000289a000 	/usr/lib/system/libsystem_network.dylib
0x000000000289a000 	/usr/lib/system/libsystem_networkextension.dylib
0x000000000289a000 	/usr/lib/system/libsystem_notify.dylib
0x000000000289a000 	/usr/lib/system/libsystem_platform.dylib
0x000000000289a000 	/usr/lib/system/libsystem_pthread.dylib
0x000000000289a000 	/usr/lib/system/libsystem_sandbox.dylib
0x000000000289a000 	/usr/lib/system/libsystem_secinit.dylib
0x000000000289a000 	/usr/lib/system/libsystem_trace.dylib
0x000000000289a000 	/usr/lib/system/libunc.dylib
0x000000000289a000 	/usr/lib/system/libunwind.dylib
0x000000000289a000 	/usr/lib/system/libxpc.dylib
0x000000000289a000 	/usr/lib/libenergytrace.dylib
0x000000000289a000 	/usr/lib/libbsm.0.dylib
0x000000000289a000 	/usr/lib/system/libkxld.dylib
0x000000000289a000 	/usr/lib/libxar.1.dylib
0x000000000289a000 	/usr/lib/libsqlite3.dylib
0x000000000289a000 	/usr/lib/libpam.2.dylib
0x000000000289a000 	/usr/lib/libOpenScriptingUtil.dylib
0x000000000289a000 	/usr/lib/libbz2.1.0.dylib
0x000000000289a000 	/usr/lib/liblzma.5.dylib
0x000000000289a000 	/System/Library/Frameworks/CoreServices.framework/Versions/A/Frameworks/FSEvents.framework/Versions/A/FSEvents
0x000000000289a000 	/System/Library/Frameworks/CoreServices.framework/Versions/A/Frameworks/CarbonCore.framework/Versions/A/CarbonCore
0x000000000289a000 	/System/Library/Frameworks/CoreServices.framework/Versions/A/Frameworks/Metadata.framework/Versions/A/Metadata
0x000000000289a000 	/System/Library/Frameworks/CoreServices.framework/Versions/A/Frameworks/OSServices.framework/Versions/A/OSServices
0x000000000289a000 	/System/Library/Frameworks/CoreServices.framework/Versions/A/Frameworks/SearchKit.framework/Versions/A/SearchKit
0x000000000289a000 	/System/Library/Frameworks/CoreServices.framework/Versions/A/Frameworks/AE.framework/Versions/A/AE
0x000000000289a000 	/System/Library/Frameworks/CoreServices.framework/Versions/A/Frameworks/LaunchServices.framework/Versions/A/LaunchServices
0x000000000289a000 	/System/Library/Frameworks/CoreServices.framework/Versions/A/Frameworks/DictionaryServices.framework/Versions/A/DictionaryServices
0x000000000289a000 	/System/Library/Frameworks/CoreServices.framework/Versions/A/Frameworks/SharedFileList.framework/Versions/A/SharedFileList
0x000000000289a000 	/System/Library/Frameworks/NetFS.framework/Versions/A/NetFS
0x000000000289a000 	/System/Library/PrivateFrameworks/NetAuth.framework/Versions/A/NetAuth
0x000000000289a000 	/System/Library/PrivateFrameworks/login.framework/Versions/A/Frameworks/loginsupport.framework/Versions/A/loginsupport
0x000000000289a000 	/System/Library/PrivateFrameworks/TCC.framework/Versions/A/TCC
0x000000000289a000 	/usr/lib/libmecabra.dylib
0x000000000289a000 	/System/Library/Frameworks/ApplicationServices.framework/Versions/A/Frameworks/ATS.framework/Versions/A/ATS
0x000000000289a000 	/System/Library/Frameworks/ApplicationServices.framework/Versions/A/Frameworks/ColorSync.framework/Versions/A/ColorSync
0x000000000289a000 	/System/Library/Frameworks/ApplicationServices.framework/Versions/A/Frameworks/HIServices.framework/Versions/A/HIServices
0x000000000289a000 	/System/Library/Frameworks/ApplicationServices.framework/Versions/A/Frameworks/LangAnalysis.framework/Versions/A/LangAnalysis
0x000000000289a000 	/System/Library/Frameworks/ApplicationServices.framework/Versions/A/Frameworks/PrintCore.framework/Versions/A/PrintCore
0x000000000289a000 	/System/Library/Frameworks/ApplicationServices.framework/Versions/A/Frameworks/QD.framework/Versions/A/QD
0x000000000289a000 	/System/Library/Frameworks/ApplicationServices.framework/Versions/A/Frameworks/SpeechSynthesis.framework/Versions/A/SpeechSynthesis
0x000000000289a000 	/System/Library/Frameworks/Metal.framework/Versions/A/Metal
0x000000000289a000 	/System/Library/Frameworks/Accelerate.framework/Versions/A/Frameworks/vImage.framework/Versions/A/vImage
0x000000000289a000 	/System/Library/Frameworks/Accelerate.framework/Versions/A/Frameworks/vecLib.framework/Versions/A/vecLib
0x000000000289a000 	/System/Library/Frameworks/Accelerate.framework/Versions/A/Frameworks/vecLib.framework/Versions/A/libvDSP.dylib
0x000000000289a000 	/System/Library/Frameworks/Accelerate.framework/Versions/A/Frameworks/vecLib.framework/Versions/A/libvMisc.dylib
0x000000000289a000 	/System/Library/Frameworks/Accelerate.framework/Versions/A/Frameworks/vecLib.framework/Versions/A/libLAPACK.dylib
0x000000000289a000 	/System/Library/Frameworks/Accelerate.framework/Versions/A/Frameworks/vecLib.framework/Versions/A/libBLAS.dylib
0x000000000289a000 	/System/Library/Frameworks/Accelerate.framework/Versions/A/Frameworks/vecLib.framework/Versions/A/libLinearAlgebra.dylib
0x000000000289a000 	/System/Library/Frameworks/Accelerate.framework/Versions/A/Frameworks/vecLib.framework/Versions/A/libSparseBLAS.dylib
0x000000000289a000 	/System/Library/PrivateFrameworks/GPUCompiler.framework/libmetal_timestamp.dylib
0x000000000289a000 	/System/Library/Frameworks/OpenGL.framework/Versions/A/Libraries/libCoreFSCache.dylib
0x000000000289a000 	/System/Library/PrivateFrameworks/IOAccelerator.framework/Versions/A/IOAccelerator
0x000000000289a000 	/System/Library/Frameworks/ApplicationServices.framework/Versions/A/Frameworks/ATS.framework/Versions/A/Resources/libFontParser.dylib
0x000000000289a000 	/System/Library/Frameworks/ApplicationServices.framework/Versions/A/Frameworks/ATS.framework/Versions/A/Resources/libFontRegistry.dylib
0x000000000289a000 	/System/Library/PrivateFrameworks/AppleVPA.framework/Versions/A/AppleVPA
0x000000000289a000 	/System/Library/PrivateFrameworks/AppleJPEG.framework/Versions/A/AppleJPEG
0x000000000289a000 	/System/Library/Frameworks/ImageIO.framework/Versions/A/Resources/libJPEG.dylib
0x000000000289a000 	/System/Library/Frameworks/ImageIO.framework/Versions/A/Resources/libTIFF.dylib
0x000000000289a000 	/System/Library/Frameworks/ImageIO.framework/Versions/A/Resources/libPng.dylib
0x000000000289a000 	/System/Library/Frameworks/ImageIO.framework/Versions/A/Resources/libGIF.dylib
0x000000000289a000 	/System/Library/Frameworks/ImageIO.framework/Versions/A/Resources/libJP2.dylib
0x000000000289a000 	/System/Library/Frameworks/ImageIO.framework/Versions/A/Resources/libRadiance.dylib
0x000000000289a000 	/System/Library/Frameworks/CoreVideo.framework/Versions/A/CoreVideo
0x000000000289a000 	/System/Library/Frameworks/OpenGL.framework/Versions/A/Libraries/libGLU.dylib
0x000000000289a000 	/System/Library/Frameworks/OpenGL.framework/Versions/A/Libraries/libGFXShared.dylib
0x000000000289a000 	/System/Library/Frameworks/OpenGL.framework/Versions/A/Libraries/libGL.dylib
0x000000000289a000 	/System/Library/Frameworks/OpenGL.framework/Versions/A/Libraries/libGLImage.dylib
0x000000000289a000 	/System/Library/Frameworks/OpenGL.framework/Versions/A/Libraries/libCVMSPluginSupport.dylib
0x000000000289a000 	/System/Library/Frameworks/OpenGL.framework/Versions/A/Libraries/libCoreVMClient.dylib
0x000000000289a000 	/usr/lib/libcompression.dylib
0x000000000289a000 	/usr/lib/libcups.2.dylib
0x000000000289a000 	/System/Library/Frameworks/Kerberos.framework/Versions/A/Kerberos
0x000000000289a000 	/System/Library/Frameworks/GSS.framework/Versions/A/GSS
0x000000000289a000 	/usr/lib/libresolv.9.dylib
0x000000000289a000 	/usr/lib/libiconv.2.dylib
0x000000000289a000 	/System/Library/PrivateFrameworks/Heimdal.framework/Versions/A/Heimdal
0x000000000289a000 	/usr/lib/libheimdal-asn1.dylib
0x000000000289a000 	/System/Library/Frameworks/OpenDirectory.framework/Versions/A/OpenDirectory
0x000000000289a000 	/System/Library/PrivateFrameworks/CommonAuth.framework/Versions/A/CommonAuth
0x000000000289a000 	/System/Library/Frameworks/OpenDirectory.framework/Versions/A/Frameworks/CFOpenDirectory.framework/Versions/A/CFOpenDirectory
0x000000000289a000 	/System/Library/Frameworks/SecurityFoundation.framework/Versions/A/SecurityFoundation
0x000000000289a000 	/System/Library/PrivateFrameworks/LanguageModeling.framework/Versions/A/LanguageModeling
0x000000000289a000 	/usr/lib/libmarisa.dylib
0x000000000289a000 	/usr/lib/libChineseTokenizer.dylib
0x000000000289a000 	/usr/lib/libcmph.dylib
0x000000000289a000 	/System/Library/Frameworks/ServiceManagement.framework/Versions/A/ServiceManagement
0x000000000289a000 	/usr/lib/libxslt.1.dylib
0x000000000289a000 	/System/Library/Frameworks/Carbon.framework/Versions/A/Frameworks/Ink.framework/Versions/A/Ink
0x000000000289a000 	/usr/lib/libFosl_dynamic.dylib
0x000000000289a000 	/System/Library/PrivateFrameworks/FaceCore.framework/Versions/A/FaceCore
0x000000000289a000 	/System/Library/Frameworks/OpenCL.framework/Versions/A/OpenCL
0x000000000289a000 	/System/Library/PrivateFrameworks/CrashReporterSupport.framework/Versions/A/CrashReporterSupport
0x000000000289a000 	/System/Library/PrivateFrameworks/IconServices.framework/Versions/A/IconServices
0x000000000289a000 	/System/Library/PrivateFrameworks/Apple80211.framework/Versions/A/Apple80211
0x000000000289a000 	/System/Library/Frameworks/CoreWLAN.framework/Versions/A/CoreWLAN
0x000000000289a000 	/System/Library/Frameworks/IOBluetooth.framework/Versions/A/IOBluetooth
0x000000000289a000 	/System/Library/PrivateFrameworks/CoreWiFi.framework/Versions/A/CoreWiFi
0x000000000289a000 	/System/Library/Frameworks/CoreBluetooth.framework/Versions/A/CoreBluetooth
0x000000000289a000 	/System/Library/PrivateFrameworks/ChunkingLibrary.framework/Versions/A/ChunkingLibrary
0x000000000289a000 	/System/Library/PrivateFrameworks/DebugSymbols.framework/Versions/A/DebugSymbols
0x000000000289a000 	/System/Library/PrivateFrameworks/CoreSymbolication.framework/Versions/A/CoreSymbolication
0x000000000289a000 	/System/Library/PrivateFrameworks/Symbolication.framework/Versions/A/Symbolication
0x000000000289a000 	/System/Library/PrivateFrameworks/SpeechRecognitionCore.framework/Versions/A/SpeechRecognitionCore
0x0000000105240000 	/Library/Java/JavaVirtualMachines/jdk1.8.0_77.jdk/Contents/Home/jre/lib/server/libjvm.dylib
0x000000000289a000 	/usr/lib/libstdc++.6.dylib
0x00000001061cf000 	/Library/Java/JavaVirtualMachines/jdk1.8.0_77.jdk/Contents/Home/jre/lib/libverify.dylib
0x00000001061dd000 	/Library/Java/JavaVirtualMachines/jdk1.8.0_77.jdk/Contents/Home/jre/lib/libjava.dylib
0x0000000106220000 	/Library/Java/JavaVirtualMachines/jdk1.8.0_77.jdk/Contents/Home/jre/lib/libzip.dylib
0x000000011b950000 	/System/Library/Frameworks/JavaVM.framework/Frameworks/JavaRuntimeSupport.framework/JavaRuntimeSupport
0x000000011b96b000 	/System/Library/Frameworks/JavaVM.framework/Versions/A/Frameworks/JavaNativeFoundation.framework/Versions/A/JavaNativeFoundation
0x000000011b980000 	/System/Library/Frameworks/JavaVM.framework/Versions/A/JavaVM
0x000000000289a000 	/System/Library/Frameworks/Carbon.framework/Versions/A/Carbon
0x000000011b98d000 	/System/Library/PrivateFrameworks/JavaLaunching.framework/Versions/A/JavaLaunching
0x000000000289a000 	/System/Library/Frameworks/Carbon.framework/Versions/A/Frameworks/CommonPanels.framework/Versions/A/CommonPanels
0x000000000289a000 	/System/Library/Frameworks/Carbon.framework/Versions/A/Frameworks/Help.framework/Versions/A/Help
0x000000000289a000 	/System/Library/Frameworks/Carbon.framework/Versions/A/Frameworks/ImageCapture.framework/Versions/A/ImageCapture
0x000000000289a000 	/System/Library/Frameworks/Carbon.framework/Versions/A/Frameworks/OpenScripting.framework/Versions/A/OpenScripting
0x000000000289a000 	/System/Library/Frameworks/Carbon.framework/Versions/A/Frameworks/Print.framework/Versions/A/Print
0x000000000289a000 	/System/Library/Frameworks/Carbon.framework/Versions/A/Frameworks/SecurityHI.framework/Versions/A/SecurityHI
0x000000011d2b0000 	/Library/Java/JavaVirtualMachines/jdk1.8.0_77.jdk/Contents/Home/jre/lib/libawt.dylib
0x000000011d358000 	/Library/Java/JavaVirtualMachines/jdk1.8.0_77.jdk/Contents/Home/jre/lib/./libmlib_image.dylib
0x000000011d424000 	/Library/Java/JavaVirtualMachines/jdk1.8.0_77.jdk/Contents/Home/jre/lib/libawt_lwawt.dylib
0x000000011d4d9000 	/Library/Java/JavaVirtualMachines/jdk1.8.0_77.jdk/Contents/Home/jre/lib/./libosxapp.dylib
0x000000000289a000 	/System/Library/Frameworks/ExceptionHandling.framework/Versions/A/ExceptionHandling
0x000000000289a000 	/System/Library/PrivateFrameworks/CoreServicesInternal.framework/Versions/A/CoreServicesInternal
0x000000000289a000 	/System/Library/Frameworks/CoreGraphics.framework/Versions/A/Resources/libRIP.A.dylib
0x000000000289a000 	/System/Library/Frameworks/Accelerate.framework/Versions/A/Frameworks/vImage.framework/Versions/A/Libraries/libCGInterfaces.dylib
0x000000000289a000 	/System/Library/Frameworks/CoreGraphics.framework/Versions/A/Resources/libCGXType.A.dylib
0x000000000289a000 	/System/Library/Frameworks/OpenCL.framework/Versions/A/Libraries/libcldcpuengine.dylib
0x000000000289a000 	/System/Library/PrivateFrameworks/DiskImages.framework/Versions/A/DiskImages
0x000000000289a000 	/System/Library/Frameworks/DiscRecording.framework/Versions/A/DiscRecording
0x000000000289a000 	/usr/lib/libcsfde.dylib
0x000000000289a000 	/usr/lib/libcurl.4.dylib
0x000000000289a000 	/System/Library/PrivateFrameworks/MediaKit.framework/Versions/A/MediaKit
0x000000000289a000 	/System/Library/PrivateFrameworks/ProtectedCloudStorage.framework/Versions/A/ProtectedCloudStorage
0x000000000289a000 	/usr/lib/libCoreStorage.dylib
0x000000000289a000 	/System/Library/PrivateFrameworks/EFILogin.framework/Versions/A/EFILogin
0x000000000289a000 	/usr/lib/libutil.dylib
0x000000000289a000 	/System/Library/PrivateFrameworks/FindMyDevice.framework/Versions/A/FindMyDevice
0x000000000289a000 	/System/Library/Frameworks/LDAP.framework/Versions/A/LDAP
0x000000000289a000 	/usr/lib/libsasl2.2.dylib
0x000000000289a000 	/System/Library/PrivateFrameworks/CoreDaemon.framework/Versions/B/CoreDaemon
0x000000000289a000 	/usr/lib/libcrypto.0.9.8.dylib
0x000000000289a000 	/System/Library/PrivateFrameworks/AppleSRP.framework/Versions/A/AppleSRP
0x000000000289a000 	/System/Library/PrivateFrameworks/TrustEvaluationAgent.framework/Versions/A/TrustEvaluationAgent
0x000000011f060000 	cl_kernels
0x000000000289a000 	/System/Library/Frameworks/OpenCL.framework/Versions/A/Libraries/ImageFormats/unorm8_bgra.dylib
0x000000000289a000 	/System/Library/Frameworks/OpenCL.framework/Versions/A/Libraries/ImageFormats/unorm8_rgba.dylib
0x000000000289a000 	/System/Library/PrivateFrameworks/FamilyControls.framework/Versions/A/FamilyControls
0x000000000289a000 	/System/Library/PrivateFrameworks/CommerceKit.framework/Versions/A/Frameworks/CommerceCore.framework/Versions/A/CommerceCore
0x000000000289a000 	/System/Library/PrivateFrameworks/SystemAdministration.framework/Versions/A/SystemAdministration
0x000000000289a000 	/System/Library/PrivateFrameworks/AppContainer.framework/Versions/A/AppContainer
0x000000000289a000 	/System/Library/PrivateFrameworks/SecCodeWrapper.framework/Versions/A/SecCodeWrapper
0x000000000289a000 	/System/Library/Frameworks/DirectoryService.framework/Versions/A/DirectoryService
0x000000000289a000 	/System/Library/PrivateFrameworks/LoginUIKit.framework/Versions/A/Frameworks/LoginUICore.framework/Versions/A/LoginUICore
0x000000000289a000 	/usr/lib/libodfde.dylib
0x000000012007a000 	/private/var/folders/fy/6q_s_px91kdcdjwxbmnlglym0000gn/T/bluecove_mark1_0/libbluecove.jnilib

VM Arguments:
jvm_args: -Dbluecove.jsr82.psm_minimum_off=true -Dfile.encoding=UTF-8 
java_command: Grid
java_class_path (initial): /Users/mark1/Documents/GitHub Repositories/EvalGesture/GestureGridJava/bin:/Users/mark1/Documents/GitHub Repositories/EvalGesture/GestureGridJava/lib/wiigee_v11.jar:/Users/mark1/Documents/GitHub Repositories/EvalGesture/GestureGridJava/lib/bluecove-2.1.2.jar
Launcher Type: SUN_STANDARD

Environment Variables:
PATH=/usr/bin:/bin:/usr/sbin:/sbin
SHELL=/bin/bash

Signal Handlers:
SIGSEGV: [libjvm.dylib+0x5a6855], sa_mask[0]=11111111011111110111111111111111, sa_flags=SA_ONSTACK|SA_RESTART|SA_SIGINFO
SIGBUS: [libjvm.dylib+0x5a6855], sa_mask[0]=11111111011111110111111111111111, sa_flags=SA_RESTART|SA_SIGINFO
SIGFPE: [libjvm.dylib+0x4804ec], sa_mask[0]=11111111011111110111111111111111, sa_flags=SA_RESTART|SA_SIGINFO
SIGPIPE: [libjvm.dylib+0x4804ec], sa_mask[0]=11111111011111110111111111111111, sa_flags=SA_RESTART|SA_SIGINFO
SIGXFSZ: [libjvm.dylib+0x4804ec], sa_mask[0]=11111111011111110111111111111111, sa_flags=SA_RESTART|SA_SIGINFO
SIGILL: [libjvm.dylib+0x4804ec], sa_mask[0]=11111111011111110111111111111111, sa_flags=SA_RESTART|SA_SIGINFO
SIGUSR1: SIG_DFL, sa_mask[0]=00000000000000000000000000000000, sa_flags=none
SIGUSR2: [libjvm.dylib+0x48000a], sa_mask[0]=00100000000000000000000000000000, sa_flags=SA_RESTART|SA_SIGINFO
SIGHUP: [libjvm.dylib+0x47e5e1], sa_mask[0]=11111111011111110111111111111111, sa_flags=SA_RESTART|SA_SIGINFO
SIGINT: [libjvm.dylib+0x47e5e1], sa_mask[0]=11111111011111110111111111111111, sa_flags=SA_RESTART|SA_SIGINFO
SIGTERM: [libjvm.dylib+0x47e5e1], sa_mask[0]=11111111011111110111111111111111, sa_flags=SA_RESTART|SA_SIGINFO
SIGQUIT: [libjvm.dylib+0x47e5e1], sa_mask[0]=11111111011111110111111111111111, sa_flags=SA_RESTART|SA_SIGINFO


---------------  S Y S T E M  ---------------

OS:Bsduname:Darwin 15.6.0 Darwin Kernel Version 15.6.0: Wed Nov  2 20:30:56 PDT 2016; root:xnu-3248.60.11.1.2~2/RELEASE_X86_64 x86_64
rlimit: STACK 8192k, CORE 0k, NPROC 709, NOFILE 10240, AS infinity
load average:2.26 2.33 2.35

CPU:total 2 (2 cores per cpu, 1 threads per core) family 6 model 23 stepping 10, cmov, cx8, fxsr, mmx, sse, sse2, sse3, ssse3, sse4.1, tsc

Memory: 4k page, physical 8388608k(1993412k free)

/proc/meminfo:


vm_info: Java HotSpot(TM) 64-Bit Server VM (25.77-b03) for bsd-amd64 JRE (1.8.0_77-b03), built on Mar 20 2016 22:14:03 by "java_re" with gcc 4.2.1 (Based on Apple Inc. build 5658) (LLVM build 2336.11.00)

time: Thu Jan 12 14:41:37 2017
elapsed time: 0 seconds (0d 0h 0m 0s)

